<?xml version="1.0" encoding="UTF-8"?>
<testsuite xmlns:xsi="http://www.w3.org/2001/XMLSchema-instance" xsi:noNamespaceSchemaLocation="https://maven.apache.org/surefire/maven-surefire-plugin/xsd/surefire-test-report-3.0.xsd" version="3.0" name="com.assignment.naaptol.TestCases" time="28.816" tests="1" errors="0" skipped="0" failures="0">
  <properties>
    <property name="java.specification.version" value="22"/>
    <property name="sun.cpu.isalist" value="amd64"/>
    <property name="sun.jnu.encoding" value="Cp1252"/>
    <property name="java.class.path" value="C:\Users\Shree\Documents\workspace-spring-tool-suite-4-4.24.0.RELEASE\NaaptolPOM\target\test-classes;C:\Users\Shree\Documents\workspace-spring-tool-suite-4-4.24.0.RELEASE\NaaptolPOM\target\classes;C:\Users\Shree\.m2\repository\org\seleniumhq\selenium\selenium-java\4.23.0\selenium-java-4.23.0.jar;C:\Users\Shree\.m2\repository\org\seleniumhq\selenium\selenium-api\4.23.0\selenium-api-4.23.0.jar;C:\Users\Shree\.m2\repository\org\seleniumhq\selenium\selenium-chrome-driver\4.23.0\selenium-chrome-driver-4.23.0.jar;C:\Users\Shree\.m2\repository\com\google\auto\service\auto-service-annotations\1.1.1\auto-service-annotations-1.1.1.jar;C:\Users\Shree\.m2\repository\org\seleniumhq\selenium\selenium-chromium-driver\4.23.0\selenium-chromium-driver-4.23.0.jar;C:\Users\Shree\.m2\repository\org\seleniumhq\selenium\selenium-json\4.23.0\selenium-json-4.23.0.jar;C:\Users\Shree\.m2\repository\org\seleniumhq\selenium\selenium-manager\4.23.0\selenium-manager-4.23.0.jar;C:\Users\Shree\.m2\repository\org\seleniumhq\selenium\selenium-devtools-v125\4.23.0\selenium-devtools-v125-4.23.0.jar;C:\Users\Shree\.m2\repository\org\seleniumhq\selenium\selenium-devtools-v126\4.23.0\selenium-devtools-v126-4.23.0.jar;C:\Users\Shree\.m2\repository\org\seleniumhq\selenium\selenium-devtools-v127\4.23.0\selenium-devtools-v127-4.23.0.jar;C:\Users\Shree\.m2\repository\org\seleniumhq\selenium\selenium-devtools-v85\4.23.0\selenium-devtools-v85-4.23.0.jar;C:\Users\Shree\.m2\repository\org\seleniumhq\selenium\selenium-edge-driver\4.23.0\selenium-edge-driver-4.23.0.jar;C:\Users\Shree\.m2\repository\org\seleniumhq\selenium\selenium-firefox-driver\4.23.0\selenium-firefox-driver-4.23.0.jar;C:\Users\Shree\.m2\repository\org\seleniumhq\selenium\selenium-http\4.23.0\selenium-http-4.23.0.jar;C:\Users\Shree\.m2\repository\dev\failsafe\failsafe\3.3.2\failsafe-3.3.2.jar;C:\Users\Shree\.m2\repository\org\seleniumhq\selenium\selenium-ie-driver\4.23.0\selenium-ie-driver-4.23.0.jar;C:\Users\Shree\.m2\repository\org\seleniumhq\selenium\selenium-remote-driver\4.23.0\selenium-remote-driver-4.23.0.jar;C:\Users\Shree\.m2\repository\com\google\guava\guava\33.2.1-jre\guava-33.2.1-jre.jar;C:\Users\Shree\.m2\repository\com\google\guava\failureaccess\1.0.2\failureaccess-1.0.2.jar;C:\Users\Shree\.m2\repository\com\google\guava\listenablefuture\9999.0-empty-to-avoid-conflict-with-guava\listenablefuture-9999.0-empty-to-avoid-conflict-with-guava.jar;C:\Users\Shree\.m2\repository\com\google\code\findbugs\jsr305\3.0.2\jsr305-3.0.2.jar;C:\Users\Shree\.m2\repository\org\checkerframework\checker-qual\3.42.0\checker-qual-3.42.0.jar;C:\Users\Shree\.m2\repository\com\google\errorprone\error_prone_annotations\2.26.1\error_prone_annotations-2.26.1.jar;C:\Users\Shree\.m2\repository\com\google\j2objc\j2objc-annotations\3.0.0\j2objc-annotations-3.0.0.jar;C:\Users\Shree\.m2\repository\io\opentelemetry\semconv\opentelemetry-semconv\1.25.0-alpha\opentelemetry-semconv-1.25.0-alpha.jar;C:\Users\Shree\.m2\repository\io\opentelemetry\opentelemetry-api\1.40.0\opentelemetry-api-1.40.0.jar;C:\Users\Shree\.m2\repository\io\opentelemetry\opentelemetry-context\1.40.0\opentelemetry-context-1.40.0.jar;C:\Users\Shree\.m2\repository\io\opentelemetry\opentelemetry-exporter-logging\1.40.0\opentelemetry-exporter-logging-1.40.0.jar;C:\Users\Shree\.m2\repository\io\opentelemetry\opentelemetry-sdk-common\1.40.0\opentelemetry-sdk-common-1.40.0.jar;C:\Users\Shree\.m2\repository\io\opentelemetry\opentelemetry-sdk-extension-autoconfigure-spi\1.40.0\opentelemetry-sdk-extension-autoconfigure-spi-1.40.0.jar;C:\Users\Shree\.m2\repository\io\opentelemetry\opentelemetry-sdk-extension-autoconfigure\1.40.0\opentelemetry-sdk-extension-autoconfigure-1.40.0.jar;C:\Users\Shree\.m2\repository\io\opentelemetry\opentelemetry-api-incubator\1.40.0-alpha\opentelemetry-api-incubator-1.40.0-alpha.jar;C:\Users\Shree\.m2\repository\io\opentelemetry\opentelemetry-sdk-trace\1.40.0\opentelemetry-sdk-trace-1.40.0.jar;C:\Users\Shree\.m2\repository\io\opentelemetry\opentelemetry-sdk\1.40.0\opentelemetry-sdk-1.40.0.jar;C:\Users\Shree\.m2\repository\io\opentelemetry\opentelemetry-sdk-metrics\1.40.0\opentelemetry-sdk-metrics-1.40.0.jar;C:\Users\Shree\.m2\repository\io\opentelemetry\opentelemetry-sdk-logs\1.40.0\opentelemetry-sdk-logs-1.40.0.jar;C:\Users\Shree\.m2\repository\net\bytebuddy\byte-buddy\1.14.18\byte-buddy-1.14.18.jar;C:\Users\Shree\.m2\repository\org\seleniumhq\selenium\selenium-os\4.23.0\selenium-os-4.23.0.jar;C:\Users\Shree\.m2\repository\org\apache\commons\commons-exec\1.4.0\commons-exec-1.4.0.jar;C:\Users\Shree\.m2\repository\org\seleniumhq\selenium\selenium-safari-driver\4.23.0\selenium-safari-driver-4.23.0.jar;C:\Users\Shree\.m2\repository\org\seleniumhq\selenium\selenium-support\4.23.0\selenium-support-4.23.0.jar;C:\Users\Shree\.m2\repository\org\testng\testng\7.10.2\testng-7.10.2.jar;C:\Users\Shree\.m2\repository\org\slf4j\slf4j-api\1.7.36\slf4j-api-1.7.36.jar;C:\Users\Shree\.m2\repository\com\beust\jcommander\1.82\jcommander-1.82.jar;C:\Users\Shree\.m2\repository\org\webjars\jquery\3.7.1\jquery-3.7.1.jar;C:\Users\Shree\.m2\repository\com\aventstack\extentreports\5.1.2\extentreports-5.1.2.jar;C:\Users\Shree\.m2\repository\io\reactivex\rxjava3\rxjava\3.1.6\rxjava-3.1.6.jar;C:\Users\Shree\.m2\repository\org\reactivestreams\reactive-streams\1.0.4\reactive-streams-1.0.4.jar;C:\Users\Shree\.m2\repository\org\freemarker\freemarker\2.3.32\freemarker-2.3.32.jar;C:\Users\Shree\.m2\repository\org\projectlombok\lombok\1.18.26\lombok-1.18.26.jar;C:\Users\Shree\.m2\repository\com\google\code\gson\gson\2.10.1\gson-2.10.1.jar;C:\Users\Shree\.m2\repository\commons-io\commons-io\2.16.1\commons-io-2.16.1.jar;C:\Users\Shree\.m2\repository\org\apache\maven\maven-core\4.0.0-beta-3\maven-core-4.0.0-beta-3.jar;C:\Users\Shree\.m2\repository\org\apache\maven\maven-di\4.0.0-beta-3\maven-di-4.0.0-beta-3.jar;C:\Users\Shree\.m2\repository\org\apache\maven\maven-api-di\4.0.0-beta-3\maven-api-di-4.0.0-beta-3.jar;C:\Users\Shree\.m2\repository\org\apache\maven\maven-api-meta\4.0.0-beta-3\maven-api-meta-4.0.0-beta-3.jar;C:\Users\Shree\.m2\repository\org\apache\maven\maven-model\4.0.0-beta-3\maven-model-4.0.0-beta-3.jar;C:\Users\Shree\.m2\repository\org\apache\maven\maven-api-model\4.0.0-beta-3\maven-api-model-4.0.0-beta-3.jar;C:\Users\Shree\.m2\repository\org\apache\maven\maven-api-xml\4.0.0-beta-3\maven-api-xml-4.0.0-beta-3.jar;C:\Users\Shree\.m2\repository\org\codehaus\plexus\plexus-xml\4.0.4\plexus-xml-4.0.4.jar;C:\Users\Shree\.m2\repository\org\apache\maven\maven-settings\4.0.0-beta-3\maven-settings-4.0.0-beta-3.jar;C:\Users\Shree\.m2\repository\org\apache\maven\maven-api-settings\4.0.0-beta-3\maven-api-settings-4.0.0-beta-3.jar;C:\Users\Shree\.m2\repository\org\apache\maven\maven-xml-impl\4.0.0-beta-3\maven-xml-impl-4.0.0-beta-3.jar;C:\Users\Shree\.m2\repository\com\fasterxml\woodstox\woodstox-core\6.6.2\woodstox-core-6.6.2.jar;C:\Users\Shree\.m2\repository\org\codehaus\woodstox\stax2-api\4.2.1\stax2-api-4.2.1.jar;C:\Users\Shree\.m2\repository\org\apache\maven\maven-settings-builder\4.0.0-beta-3\maven-settings-builder-4.0.0-beta-3.jar;C:\Users\Shree\.m2\repository\org\apache\maven\maven-builder-support\4.0.0-beta-3\maven-builder-support-4.0.0-beta-3.jar;C:\Users\Shree\.m2\repository\org\codehaus\plexus\plexus-sec-dispatcher\2.0\plexus-sec-dispatcher-2.0.jar;C:\Users\Shree\.m2\repository\org\codehaus\plexus\plexus-utils\3.4.1\plexus-utils-3.4.1.jar;C:\Users\Shree\.m2\repository\javax\inject\javax.inject\1\javax.inject-1.jar;C:\Users\Shree\.m2\repository\org\codehaus\plexus\plexus-cipher\2.0\plexus-cipher-2.0.jar;C:\Users\Shree\.m2\repository\org\apache\maven\maven-toolchain-model\4.0.0-beta-3\maven-toolchain-model-4.0.0-beta-3.jar;C:\Users\Shree\.m2\repository\org\apache\maven\maven-api-toolchain\4.0.0-beta-3\maven-api-toolchain-4.0.0-beta-3.jar;C:\Users\Shree\.m2\repository\org\apache\maven\maven-toolchain-builder\4.0.0-beta-3\maven-toolchain-builder-4.0.0-beta-3.jar;C:\Users\Shree\.m2\repository\org\codehaus\plexus\plexus-interpolation\1.27\plexus-interpolation-1.27.jar;C:\Users\Shree\.m2\repository\org\apache\maven\maven-repository-metadata\4.0.0-beta-3\maven-repository-metadata-4.0.0-beta-3.jar;C:\Users\Shree\.m2\repository\org\apache\maven\maven-api-metadata\4.0.0-beta-3\maven-api-metadata-4.0.0-beta-3.jar;C:\Users\Shree\.m2\repository\org\apache\maven\maven-artifact\4.0.0-beta-3\maven-artifact-4.0.0-beta-3.jar;C:\Users\Shree\.m2\repository\org\apache\maven\maven-plugin-api\4.0.0-beta-3\maven-plugin-api-4.0.0-beta-3.jar;C:\Users\Shree\.m2\repository\org\apache\maven\maven-api-plugin\4.0.0-beta-3\maven-api-plugin-4.0.0-beta-3.jar;C:\Users\Shree\.m2\repository\org\eclipse\sisu\org.eclipse.sisu.plexus\0.9.0.M2\org.eclipse.sisu.plexus-0.9.0.M2.jar;C:\Users\Shree\.m2\repository\org\apache\maven\maven-model-builder\4.0.0-beta-3\maven-model-builder-4.0.0-beta-3.jar;C:\Users\Shree\.m2\repository\org\apache\maven\maven-resolver-provider\4.0.0-beta-3\maven-resolver-provider-4.0.0-beta-3.jar;C:\Users\Shree\.m2\repository\org\apache\maven\resolver\maven-resolver-connector-basic\2.0.0-alpha-11\maven-resolver-connector-basic-2.0.0-alpha-11.jar;C:\Users\Shree\.m2\repository\org\apache\maven\resolver\maven-resolver-transport-file\2.0.0-alpha-11\maven-resolver-transport-file-2.0.0-alpha-11.jar;C:\Users\Shree\.m2\repository\org\apache\maven\resolver\maven-resolver-transport-apache\2.0.0-alpha-11\maven-resolver-transport-apache-2.0.0-alpha-11.jar;C:\Users\Shree\.m2\repository\org\apache\httpcomponents\httpclient\4.5.14\httpclient-4.5.14.jar;C:\Users\Shree\.m2\repository\org\apache\httpcomponents\httpcore\4.4.16\httpcore-4.4.16.jar;C:\Users\Shree\.m2\repository\commons-codec\commons-codec\1.16.1\commons-codec-1.16.1.jar;C:\Users\Shree\.m2\repository\org\slf4j\jcl-over-slf4j\2.0.13\jcl-over-slf4j-2.0.13.jar;C:\Users\Shree\.m2\repository\org\apache\maven\maven-api-core\4.0.0-beta-3\maven-api-core-4.0.0-beta-3.jar;C:\Users\Shree\.m2\repository\org\apache\maven\maven-api-spi\4.0.0-beta-3\maven-api-spi-4.0.0-beta-3.jar;C:\Users\Shree\.m2\repository\org\apache\maven\maven-api-impl\4.0.0-beta-3\maven-api-impl-4.0.0-beta-3.jar;C:\Users\Shree\.m2\repository\org\apache\maven\resolver\maven-resolver-api\2.0.0-alpha-11\maven-resolver-api-2.0.0-alpha-11.jar;C:\Users\Shree\.m2\repository\org\apache\maven\resolver\maven-resolver-spi\2.0.0-alpha-11\maven-resolver-spi-2.0.0-alpha-11.jar;C:\Users\Shree\.m2\repository\org\apache\maven\resolver\maven-resolver-util\2.0.0-alpha-11\maven-resolver-util-2.0.0-alpha-11.jar;C:\Users\Shree\.m2\repository\org\apache\maven\resolver\maven-resolver-impl\2.0.0-alpha-11\maven-resolver-impl-2.0.0-alpha-11.jar;C:\Users\Shree\.m2\repository\org\apache\maven\resolver\maven-resolver-named-locks\2.0.0-alpha-11\maven-resolver-named-locks-2.0.0-alpha-11.jar;C:\Users\Shree\.m2\repository\org\codehaus\plexus\plexus-classworlds\2.8.0\plexus-classworlds-2.8.0.jar;"/>
    <property name="java.vm.vendor" value="Oracle Corporation"/>
    <property name="sun.arch.data.model" value="64"/>
    <property name="user.variant" value=""/>
    <property name="java.vendor.url" value="https://java.oracle.com/"/>
    <property name="user.timezone" value="Asia/Calcutta"/>
    <property name="os.name" value="Windows 11"/>
    <property name="java.vm.specification.version" value="22"/>
    <property name="sun.java.launcher" value="SUN_STANDARD"/>
    <property name="user.country" value="IN"/>
    <property name="sun.boot.library.path" value="C:\Program Files\Java\jdk-22\bin"/>
    <property name="sun.java.command" value="C:\Users\Shree\AppData\Local\Temp\surefire1186040492702944027\surefirebooter-20240829192736961_3.jar C:\Users\Shree\AppData\Local\Temp\surefire1186040492702944027 2024-08-29T19-27-36_746-jvmRun1 surefire-20240829192736961_1tmp surefire_0-20240829192736961_2tmp"/>
    <property name="jdk.debug" value="release"/>
    <property name="surefire.test.class.path" value="C:\Users\Shree\Documents\workspace-spring-tool-suite-4-4.24.0.RELEASE\NaaptolPOM\target\test-classes;C:\Users\Shree\Documents\workspace-spring-tool-suite-4-4.24.0.RELEASE\NaaptolPOM\target\classes;C:\Users\Shree\.m2\repository\org\seleniumhq\selenium\selenium-java\4.23.0\selenium-java-4.23.0.jar;C:\Users\Shree\.m2\repository\org\seleniumhq\selenium\selenium-api\4.23.0\selenium-api-4.23.0.jar;C:\Users\Shree\.m2\repository\org\seleniumhq\selenium\selenium-chrome-driver\4.23.0\selenium-chrome-driver-4.23.0.jar;C:\Users\Shree\.m2\repository\com\google\auto\service\auto-service-annotations\1.1.1\auto-service-annotations-1.1.1.jar;C:\Users\Shree\.m2\repository\org\seleniumhq\selenium\selenium-chromium-driver\4.23.0\selenium-chromium-driver-4.23.0.jar;C:\Users\Shree\.m2\repository\org\seleniumhq\selenium\selenium-json\4.23.0\selenium-json-4.23.0.jar;C:\Users\Shree\.m2\repository\org\seleniumhq\selenium\selenium-manager\4.23.0\selenium-manager-4.23.0.jar;C:\Users\Shree\.m2\repository\org\seleniumhq\selenium\selenium-devtools-v125\4.23.0\selenium-devtools-v125-4.23.0.jar;C:\Users\Shree\.m2\repository\org\seleniumhq\selenium\selenium-devtools-v126\4.23.0\selenium-devtools-v126-4.23.0.jar;C:\Users\Shree\.m2\repository\org\seleniumhq\selenium\selenium-devtools-v127\4.23.0\selenium-devtools-v127-4.23.0.jar;C:\Users\Shree\.m2\repository\org\seleniumhq\selenium\selenium-devtools-v85\4.23.0\selenium-devtools-v85-4.23.0.jar;C:\Users\Shree\.m2\repository\org\seleniumhq\selenium\selenium-edge-driver\4.23.0\selenium-edge-driver-4.23.0.jar;C:\Users\Shree\.m2\repository\org\seleniumhq\selenium\selenium-firefox-driver\4.23.0\selenium-firefox-driver-4.23.0.jar;C:\Users\Shree\.m2\repository\org\seleniumhq\selenium\selenium-http\4.23.0\selenium-http-4.23.0.jar;C:\Users\Shree\.m2\repository\dev\failsafe\failsafe\3.3.2\failsafe-3.3.2.jar;C:\Users\Shree\.m2\repository\org\seleniumhq\selenium\selenium-ie-driver\4.23.0\selenium-ie-driver-4.23.0.jar;C:\Users\Shree\.m2\repository\org\seleniumhq\selenium\selenium-remote-driver\4.23.0\selenium-remote-driver-4.23.0.jar;C:\Users\Shree\.m2\repository\com\google\guava\guava\33.2.1-jre\guava-33.2.1-jre.jar;C:\Users\Shree\.m2\repository\com\google\guava\failureaccess\1.0.2\failureaccess-1.0.2.jar;C:\Users\Shree\.m2\repository\com\google\guava\listenablefuture\9999.0-empty-to-avoid-conflict-with-guava\listenablefuture-9999.0-empty-to-avoid-conflict-with-guava.jar;C:\Users\Shree\.m2\repository\com\google\code\findbugs\jsr305\3.0.2\jsr305-3.0.2.jar;C:\Users\Shree\.m2\repository\org\checkerframework\checker-qual\3.42.0\checker-qual-3.42.0.jar;C:\Users\Shree\.m2\repository\com\google\errorprone\error_prone_annotations\2.26.1\error_prone_annotations-2.26.1.jar;C:\Users\Shree\.m2\repository\com\google\j2objc\j2objc-annotations\3.0.0\j2objc-annotations-3.0.0.jar;C:\Users\Shree\.m2\repository\io\opentelemetry\semconv\opentelemetry-semconv\1.25.0-alpha\opentelemetry-semconv-1.25.0-alpha.jar;C:\Users\Shree\.m2\repository\io\opentelemetry\opentelemetry-api\1.40.0\opentelemetry-api-1.40.0.jar;C:\Users\Shree\.m2\repository\io\opentelemetry\opentelemetry-context\1.40.0\opentelemetry-context-1.40.0.jar;C:\Users\Shree\.m2\repository\io\opentelemetry\opentelemetry-exporter-logging\1.40.0\opentelemetry-exporter-logging-1.40.0.jar;C:\Users\Shree\.m2\repository\io\opentelemetry\opentelemetry-sdk-common\1.40.0\opentelemetry-sdk-common-1.40.0.jar;C:\Users\Shree\.m2\repository\io\opentelemetry\opentelemetry-sdk-extension-autoconfigure-spi\1.40.0\opentelemetry-sdk-extension-autoconfigure-spi-1.40.0.jar;C:\Users\Shree\.m2\repository\io\opentelemetry\opentelemetry-sdk-extension-autoconfigure\1.40.0\opentelemetry-sdk-extension-autoconfigure-1.40.0.jar;C:\Users\Shree\.m2\repository\io\opentelemetry\opentelemetry-api-incubator\1.40.0-alpha\opentelemetry-api-incubator-1.40.0-alpha.jar;C:\Users\Shree\.m2\repository\io\opentelemetry\opentelemetry-sdk-trace\1.40.0\opentelemetry-sdk-trace-1.40.0.jar;C:\Users\Shree\.m2\repository\io\opentelemetry\opentelemetry-sdk\1.40.0\opentelemetry-sdk-1.40.0.jar;C:\Users\Shree\.m2\repository\io\opentelemetry\opentelemetry-sdk-metrics\1.40.0\opentelemetry-sdk-metrics-1.40.0.jar;C:\Users\Shree\.m2\repository\io\opentelemetry\opentelemetry-sdk-logs\1.40.0\opentelemetry-sdk-logs-1.40.0.jar;C:\Users\Shree\.m2\repository\net\bytebuddy\byte-buddy\1.14.18\byte-buddy-1.14.18.jar;C:\Users\Shree\.m2\repository\org\seleniumhq\selenium\selenium-os\4.23.0\selenium-os-4.23.0.jar;C:\Users\Shree\.m2\repository\org\apache\commons\commons-exec\1.4.0\commons-exec-1.4.0.jar;C:\Users\Shree\.m2\repository\org\seleniumhq\selenium\selenium-safari-driver\4.23.0\selenium-safari-driver-4.23.0.jar;C:\Users\Shree\.m2\repository\org\seleniumhq\selenium\selenium-support\4.23.0\selenium-support-4.23.0.jar;C:\Users\Shree\.m2\repository\org\testng\testng\7.10.2\testng-7.10.2.jar;C:\Users\Shree\.m2\repository\org\slf4j\slf4j-api\1.7.36\slf4j-api-1.7.36.jar;C:\Users\Shree\.m2\repository\com\beust\jcommander\1.82\jcommander-1.82.jar;C:\Users\Shree\.m2\repository\org\webjars\jquery\3.7.1\jquery-3.7.1.jar;C:\Users\Shree\.m2\repository\com\aventstack\extentreports\5.1.2\extentreports-5.1.2.jar;C:\Users\Shree\.m2\repository\io\reactivex\rxjava3\rxjava\3.1.6\rxjava-3.1.6.jar;C:\Users\Shree\.m2\repository\org\reactivestreams\reactive-streams\1.0.4\reactive-streams-1.0.4.jar;C:\Users\Shree\.m2\repository\org\freemarker\freemarker\2.3.32\freemarker-2.3.32.jar;C:\Users\Shree\.m2\repository\org\projectlombok\lombok\1.18.26\lombok-1.18.26.jar;C:\Users\Shree\.m2\repository\com\google\code\gson\gson\2.10.1\gson-2.10.1.jar;C:\Users\Shree\.m2\repository\commons-io\commons-io\2.16.1\commons-io-2.16.1.jar;C:\Users\Shree\.m2\repository\org\apache\maven\maven-core\4.0.0-beta-3\maven-core-4.0.0-beta-3.jar;C:\Users\Shree\.m2\repository\org\apache\maven\maven-di\4.0.0-beta-3\maven-di-4.0.0-beta-3.jar;C:\Users\Shree\.m2\repository\org\apache\maven\maven-api-di\4.0.0-beta-3\maven-api-di-4.0.0-beta-3.jar;C:\Users\Shree\.m2\repository\org\apache\maven\maven-api-meta\4.0.0-beta-3\maven-api-meta-4.0.0-beta-3.jar;C:\Users\Shree\.m2\repository\org\apache\maven\maven-model\4.0.0-beta-3\maven-model-4.0.0-beta-3.jar;C:\Users\Shree\.m2\repository\org\apache\maven\maven-api-model\4.0.0-beta-3\maven-api-model-4.0.0-beta-3.jar;C:\Users\Shree\.m2\repository\org\apache\maven\maven-api-xml\4.0.0-beta-3\maven-api-xml-4.0.0-beta-3.jar;C:\Users\Shree\.m2\repository\org\codehaus\plexus\plexus-xml\4.0.4\plexus-xml-4.0.4.jar;C:\Users\Shree\.m2\repository\org\apache\maven\maven-settings\4.0.0-beta-3\maven-settings-4.0.0-beta-3.jar;C:\Users\Shree\.m2\repository\org\apache\maven\maven-api-settings\4.0.0-beta-3\maven-api-settings-4.0.0-beta-3.jar;C:\Users\Shree\.m2\repository\org\apache\maven\maven-xml-impl\4.0.0-beta-3\maven-xml-impl-4.0.0-beta-3.jar;C:\Users\Shree\.m2\repository\com\fasterxml\woodstox\woodstox-core\6.6.2\woodstox-core-6.6.2.jar;C:\Users\Shree\.m2\repository\org\codehaus\woodstox\stax2-api\4.2.1\stax2-api-4.2.1.jar;C:\Users\Shree\.m2\repository\org\apache\maven\maven-settings-builder\4.0.0-beta-3\maven-settings-builder-4.0.0-beta-3.jar;C:\Users\Shree\.m2\repository\org\apache\maven\maven-builder-support\4.0.0-beta-3\maven-builder-support-4.0.0-beta-3.jar;C:\Users\Shree\.m2\repository\org\codehaus\plexus\plexus-sec-dispatcher\2.0\plexus-sec-dispatcher-2.0.jar;C:\Users\Shree\.m2\repository\org\codehaus\plexus\plexus-utils\3.4.1\plexus-utils-3.4.1.jar;C:\Users\Shree\.m2\repository\javax\inject\javax.inject\1\javax.inject-1.jar;C:\Users\Shree\.m2\repository\org\codehaus\plexus\plexus-cipher\2.0\plexus-cipher-2.0.jar;C:\Users\Shree\.m2\repository\org\apache\maven\maven-toolchain-model\4.0.0-beta-3\maven-toolchain-model-4.0.0-beta-3.jar;C:\Users\Shree\.m2\repository\org\apache\maven\maven-api-toolchain\4.0.0-beta-3\maven-api-toolchain-4.0.0-beta-3.jar;C:\Users\Shree\.m2\repository\org\apache\maven\maven-toolchain-builder\4.0.0-beta-3\maven-toolchain-builder-4.0.0-beta-3.jar;C:\Users\Shree\.m2\repository\org\codehaus\plexus\plexus-interpolation\1.27\plexus-interpolation-1.27.jar;C:\Users\Shree\.m2\repository\org\apache\maven\maven-repository-metadata\4.0.0-beta-3\maven-repository-metadata-4.0.0-beta-3.jar;C:\Users\Shree\.m2\repository\org\apache\maven\maven-api-metadata\4.0.0-beta-3\maven-api-metadata-4.0.0-beta-3.jar;C:\Users\Shree\.m2\repository\org\apache\maven\maven-artifact\4.0.0-beta-3\maven-artifact-4.0.0-beta-3.jar;C:\Users\Shree\.m2\repository\org\apache\maven\maven-plugin-api\4.0.0-beta-3\maven-plugin-api-4.0.0-beta-3.jar;C:\Users\Shree\.m2\repository\org\apache\maven\maven-api-plugin\4.0.0-beta-3\maven-api-plugin-4.0.0-beta-3.jar;C:\Users\Shree\.m2\repository\org\eclipse\sisu\org.eclipse.sisu.plexus\0.9.0.M2\org.eclipse.sisu.plexus-0.9.0.M2.jar;C:\Users\Shree\.m2\repository\org\apache\maven\maven-model-builder\4.0.0-beta-3\maven-model-builder-4.0.0-beta-3.jar;C:\Users\Shree\.m2\repository\org\apache\maven\maven-resolver-provider\4.0.0-beta-3\maven-resolver-provider-4.0.0-beta-3.jar;C:\Users\Shree\.m2\repository\org\apache\maven\resolver\maven-resolver-connector-basic\2.0.0-alpha-11\maven-resolver-connector-basic-2.0.0-alpha-11.jar;C:\Users\Shree\.m2\repository\org\apache\maven\resolver\maven-resolver-transport-file\2.0.0-alpha-11\maven-resolver-transport-file-2.0.0-alpha-11.jar;C:\Users\Shree\.m2\repository\org\apache\maven\resolver\maven-resolver-transport-apache\2.0.0-alpha-11\maven-resolver-transport-apache-2.0.0-alpha-11.jar;C:\Users\Shree\.m2\repository\org\apache\httpcomponents\httpclient\4.5.14\httpclient-4.5.14.jar;C:\Users\Shree\.m2\repository\org\apache\httpcomponents\httpcore\4.4.16\httpcore-4.4.16.jar;C:\Users\Shree\.m2\repository\commons-codec\commons-codec\1.16.1\commons-codec-1.16.1.jar;C:\Users\Shree\.m2\repository\org\slf4j\jcl-over-slf4j\2.0.13\jcl-over-slf4j-2.0.13.jar;C:\Users\Shree\.m2\repository\org\apache\maven\maven-api-core\4.0.0-beta-3\maven-api-core-4.0.0-beta-3.jar;C:\Users\Shree\.m2\repository\org\apache\maven\maven-api-spi\4.0.0-beta-3\maven-api-spi-4.0.0-beta-3.jar;C:\Users\Shree\.m2\repository\org\apache\maven\maven-api-impl\4.0.0-beta-3\maven-api-impl-4.0.0-beta-3.jar;C:\Users\Shree\.m2\repository\org\apache\maven\resolver\maven-resolver-api\2.0.0-alpha-11\maven-resolver-api-2.0.0-alpha-11.jar;C:\Users\Shree\.m2\repository\org\apache\maven\resolver\maven-resolver-spi\2.0.0-alpha-11\maven-resolver-spi-2.0.0-alpha-11.jar;C:\Users\Shree\.m2\repository\org\apache\maven\resolver\maven-resolver-util\2.0.0-alpha-11\maven-resolver-util-2.0.0-alpha-11.jar;C:\Users\Shree\.m2\repository\org\apache\maven\resolver\maven-resolver-impl\2.0.0-alpha-11\maven-resolver-impl-2.0.0-alpha-11.jar;C:\Users\Shree\.m2\repository\org\apache\maven\resolver\maven-resolver-named-locks\2.0.0-alpha-11\maven-resolver-named-locks-2.0.0-alpha-11.jar;C:\Users\Shree\.m2\repository\org\codehaus\plexus\plexus-classworlds\2.8.0\plexus-classworlds-2.8.0.jar;"/>
    <property name="sun.cpu.endian" value="little"/>
    <property name="user.home" value="C:\Users\Shree"/>
    <property name="user.language" value="en"/>
    <property name="java.specification.vendor" value="Oracle Corporation"/>
    <property name="java.version.date" value="2024-07-16"/>
    <property name="java.home" value="C:\Program Files\Java\jdk-22"/>
    <property name="file.separator" value="\"/>
    <property name="basedir" value="C:\Users\Shree\Documents\workspace-spring-tool-suite-4-4.24.0.RELEASE\NaaptolPOM"/>
    <property name="java.vm.compressedOopsMode" value="32-bit"/>
    <property name="line.separator" value="&#10;"/>
    <property name="java.vm.specification.vendor" value="Oracle Corporation"/>
    <property name="java.specification.name" value="Java Platform API Specification"/>
    <property name="surefire.real.class.path" value="C:\Users\Shree\AppData\Local\Temp\surefire1186040492702944027\surefirebooter-20240829192736961_3.jar"/>
    <property name="user.script" value=""/>
    <property name="sun.management.compiler" value="HotSpot 64-Bit Tiered Compilers"/>
    <property name="java.runtime.version" value="22.0.2+9-70"/>
    <property name="user.name" value="Shree"/>
    <property name="stdout.encoding" value="Cp1252"/>
    <property name="path.separator" value=";"/>
    <property name="os.version" value="10.0"/>
    <property name="java.runtime.name" value="Java(TM) SE Runtime Environment"/>
    <property name="file.encoding" value="UTF-8"/>
    <property name="java.vm.name" value="Java HotSpot(TM) 64-Bit Server VM"/>
    <property name="localRepository" value="C:\Users\Shree\.m2\repository"/>
    <property name="java.vendor.url.bug" value="https://bugreport.java.com/bugreport/"/>
    <property name="java.io.tmpdir" value="C:\Users\Shree\AppData\Local\Temp\"/>
    <property name="java.version" value="22.0.2"/>
    <property name="user.dir" value="C:\Users\Shree\Documents\workspace-spring-tool-suite-4-4.24.0.RELEASE\NaaptolPOM"/>
    <property name="os.arch" value="amd64"/>
    <property name="java.vm.specification.name" value="Java Virtual Machine Specification"/>
    <property name="sun.os.patch.level" value=""/>
    <property name="native.encoding" value="Cp1252"/>
    <property name="java.library.path" value="C:\Program Files\Java\jdk-22\bin;C:\WINDOWS\Sun\Java\bin;C:\WINDOWS\system32;C:\WINDOWS;C:\Program Files\Common Files\Oracle\Java\javapath;C:\Users\Shree\AppData\Local\Programs\Python\Python312\Scripts\;C:\Users\Shree\AppData\Local\Programs\Python\Python312\;C:\WINDOWS\system32;C:\WINDOWS;C:\WINDOWS\System32\Wbem;C:\WINDOWS\System32\WindowsPowerShell\v1.0\;C:\WINDOWS\System32\OpenSSH\;C:\Program Files\Java\jdk-22\bin;C:\ProgramData\chocolatey\bin;C:\Program Files\MySQL\MySQL Server 8.0\bin;C:\Program Files\nodejs\;C:\Program Files\Git\cmd;C:\Program Files\PowerShell\7-preview\preview;C:\Program Files\MySQL\MySQL Workbench 8.0;C:\Program Files\MySQL\MySQL Server 8.0\bin;C:\Program Files\MySQL\MySQL Router 8.0\bin;C:\Program Files\Java\jdk-21\bin;C:\Program Files\PowerShell\7\;C:\Users\Shree\AppData\Local\Microsoft\WindowsApps;C:\Windows.old\Users\Shree\AppData\Local\GitHubDesktop\bin;C:\Users\Shree\AppData\Local\Programs\Microsoft VS Code\bin;C:\Users\Shree\AppData\Roaming\npm;E:\Inteliji\Projects\IntelliJ IDEA 2024.1\bin;C:\apache-maven-3.9.8\bin;."/>
    <property name="java.vm.info" value="mixed mode, sharing"/>
    <property name="stderr.encoding" value="Cp1252"/>
    <property name="java.vendor" value="Oracle Corporation"/>
    <property name="java.vm.version" value="22.0.2+9-70"/>
    <property name="sun.io.unicode.encoding" value="UnicodeLittle"/>
    <property name="java.class.version" value="66.0"/>
  </properties>
  <testcase name="testNavigateToHomeLinenAndFurniture" classname="com.assignment.naaptol.TestCases" time="22.896">
    <system-err><![CDATA[SLF4J: Failed to load class "org.slf4j.impl.StaticLoggerBinder".
SLF4J: Defaulting to no-operation (NOP) logger implementation
SLF4J: See http://www.slf4j.org/codes.html#StaticLoggerBinder for further details.
Aug 29, 2024 7:27:41 PM org.openqa.selenium.devtools.CdpVersionFinder findNearestMatch
WARNING: Unable to find an exact match for CDP version 128, returning the closest version; found: 127; Please update to a Selenium version that supports CDP version 128
]]></system-err>
  </testcase>
</testsuite>