<?xml version="1.0" encoding="UTF-8"?>
<!-- Generated by org.testng.reporters.JUnitReportReporter -->
<testsuite hostname="DESKTOP-521U7HV" failures="0" tests="1" name="com.assignment.naaptol.TestCases" time="27.018" errors="0" timestamp="2024-08-29T19:55:27 IST" skipped="0">
  <testcase classname="com.assignment.naaptol.TestCases" name="testNavigateToHomeLinenAndFurniture" time="27.018"/>
</testsuite> <!-- com.assignment.naaptol.TestCases -->
