<?xml version="1.0" encoding="UTF-8"?>
<!-- Generated by org.testng.reporters.JUnitReportReporter -->
<testsuite hostname="DESKTOP-521U7HV" failures="0" tests="1" name="naaptolPOM.TestCases" time="72.047" errors="0" timestamp="2024-08-31T16:18:15 IST" skipped="0">
  <testcase classname="naaptolPOM.TestCases" name="testNavigateToHomeLinenAndFurniture" time="72.047"/>
</testsuite> <!-- naaptolPOM.TestCases -->
