<?xml version="1.0" encoding="UTF-8"?>
<!-- Generated by org.testng.reporters.JUnitReportReporter -->
<testsuite hostname="DESKTOP-521U7HV" failures="0" tests="1" name="naaptolPOM.TestCases" time="57.067" errors="0" timestamp="2024-08-30T15:57:33 IST" skipped="0">
  <testcase classname="naaptolPOM.TestCases" name="testNavigateToHomeLinenAndFurniture" time="57.067"/>
</testsuite> <!-- naaptolPOM.TestCases -->
